[0.838s] Invoking command in '/home/kubu/esp32_ws/src/py_srvcliESP': PYTHONPATH=/home/kubu/esp32_ws/build/py_srvcliESP/prefix_override:/usr/lib/python3/dist-packages/colcon_core/task/python/colcon_distutils_commands:/home/kubu/esp32_ws/install/py_srvcliESP/lib/python3.10/site-packages:${PYTHONPATH} /usr/bin/python3 -W ignore:setup.py install is deprecated setup.py egg_info --egg-base ../../build/py_srvcliESP build --build-base /home/kubu/esp32_ws/build/py_srvcliESP/build install --record /home/kubu/esp32_ws/build/py_srvcliESP/install.log --single-version-externally-managed install_data
[1.124s] running egg_info
[1.125s] writing ../../build/py_srvcliESP/py_srvcliESP.egg-info/PKG-INFO
[1.125s] writing dependency_links to ../../build/py_srvcliESP/py_srvcliESP.egg-info/dependency_links.txt
[1.125s] writing entry points to ../../build/py_srvcliESP/py_srvcliESP.egg-info/entry_points.txt
[1.125s] writing requirements to ../../build/py_srvcliESP/py_srvcliESP.egg-info/requires.txt
[1.125s] writing top-level names to ../../build/py_srvcliESP/py_srvcliESP.egg-info/top_level.txt
[1.128s] reading manifest file '../../build/py_srvcliESP/py_srvcliESP.egg-info/SOURCES.txt'
[1.129s] writing manifest file '../../build/py_srvcliESP/py_srvcliESP.egg-info/SOURCES.txt'
[1.129s] running build
[1.129s] running build_py
[1.129s] copying py_srvcliESP/serviesp.py -> /home/kubu/esp32_ws/build/py_srvcliESP/build/lib/py_srvcliESP
[1.130s] running install
[1.130s] running install_lib
[1.131s] copying /home/kubu/esp32_ws/build/py_srvcliESP/build/lib/py_srvcliESP/serviesp.py -> /home/kubu/esp32_ws/install/py_srvcliESP/lib/python3.10/site-packages/py_srvcliESP
[1.132s] byte-compiling /home/kubu/esp32_ws/install/py_srvcliESP/lib/python3.10/site-packages/py_srvcliESP/serviesp.py to serviesp.cpython-310.pyc
[1.132s] running install_data
[1.133s] running install_egg_info
[1.134s] removing '/home/kubu/esp32_ws/install/py_srvcliESP/lib/python3.10/site-packages/py_srvcliESP-0.0.0-py3.10.egg-info' (and everything under it)
[1.135s] Copying ../../build/py_srvcliESP/py_srvcliESP.egg-info to /home/kubu/esp32_ws/install/py_srvcliESP/lib/python3.10/site-packages/py_srvcliESP-0.0.0-py3.10.egg-info
[1.135s] running install_scripts
[1.156s] Installing minimal_client script to /home/kubu/esp32_ws/install/py_srvcliESP/lib/py_srvcliESP
[1.156s] Installing minimal_service script to /home/kubu/esp32_ws/install/py_srvcliESP/lib/py_srvcliESP
[1.157s] writing list of installed files to '/home/kubu/esp32_ws/build/py_srvcliESP/install.log'
[1.181s] Invoked command in '/home/kubu/esp32_ws/src/py_srvcliESP' returned '0': PYTHONPATH=/home/kubu/esp32_ws/build/py_srvcliESP/prefix_override:/usr/lib/python3/dist-packages/colcon_core/task/python/colcon_distutils_commands:/home/kubu/esp32_ws/install/py_srvcliESP/lib/python3.10/site-packages:${PYTHONPATH} /usr/bin/python3 -W ignore:setup.py install is deprecated setup.py egg_info --egg-base ../../build/py_srvcliESP build --build-base /home/kubu/esp32_ws/build/py_srvcliESP/build install --record /home/kubu/esp32_ws/build/py_srvcliESP/install.log --single-version-externally-managed install_data
