running egg_info
creating ../../build/py_srvcliESP/py_srvcliESP.egg-info
writing ../../build/py_srvcliESP/py_srvcliESP.egg-info/PKG-INFO
writing dependency_links to ../../build/py_srvcliESP/py_srvcliESP.egg-info/dependency_links.txt
writing entry points to ../../build/py_srvcliESP/py_srvcliESP.egg-info/entry_points.txt
writing requirements to ../../build/py_srvcliESP/py_srvcliESP.egg-info/requires.txt
writing top-level names to ../../build/py_srvcliESP/py_srvcliESP.egg-info/top_level.txt
writing manifest file '../../build/py_srvcliESP/py_srvcliESP.egg-info/SOURCES.txt'
reading manifest file '../../build/py_srvcliESP/py_srvcliESP.egg-info/SOURCES.txt'
writing manifest file '../../build/py_srvcliESP/py_srvcliESP.egg-info/SOURCES.txt'
running build
running build_py
creating /home/kubu/esp32_ws/build/py_srvcliESP/build
creating /home/kubu/esp32_ws/build/py_srvcliESP/build/lib
creating /home/kubu/esp32_ws/build/py_srvcliESP/build/lib/py_srvcliESP
copying py_srvcliESP/__init__.py -> /home/kubu/esp32_ws/build/py_srvcliESP/build/lib/py_srvcliESP
copying py_srvcliESP/cliesp.py -> /home/kubu/esp32_ws/build/py_srvcliESP/build/lib/py_srvcliESP
copying py_srvcliESP/serviesp.py -> /home/kubu/esp32_ws/build/py_srvcliESP/build/lib/py_srvcliESP
running install
running install_lib
creating /home/kubu/esp32_ws/install/py_srvcliESP/lib/python3.10/site-packages/py_srvcliESP
copying /home/kubu/esp32_ws/build/py_srvcliESP/build/lib/py_srvcliESP/__init__.py -> /home/kubu/esp32_ws/install/py_srvcliESP/lib/python3.10/site-packages/py_srvcliESP
copying /home/kubu/esp32_ws/build/py_srvcliESP/build/lib/py_srvcliESP/cliesp.py -> /home/kubu/esp32_ws/install/py_srvcliESP/lib/python3.10/site-packages/py_srvcliESP
copying /home/kubu/esp32_ws/build/py_srvcliESP/build/lib/py_srvcliESP/serviesp.py -> /home/kubu/esp32_ws/install/py_srvcliESP/lib/python3.10/site-packages/py_srvcliESP
byte-compiling /home/kubu/esp32_ws/install/py_srvcliESP/lib/python3.10/site-packages/py_srvcliESP/__init__.py to __init__.cpython-310.pyc
byte-compiling /home/kubu/esp32_ws/install/py_srvcliESP/lib/python3.10/site-packages/py_srvcliESP/cliesp.py to cliesp.cpython-310.pyc
byte-compiling /home/kubu/esp32_ws/install/py_srvcliESP/lib/python3.10/site-packages/py_srvcliESP/serviesp.py to serviesp.cpython-310.pyc
running install_data
creating /home/kubu/esp32_ws/install/py_srvcliESP/share/ament_index
creating /home/kubu/esp32_ws/install/py_srvcliESP/share/ament_index/resource_index
creating /home/kubu/esp32_ws/install/py_srvcliESP/share/ament_index/resource_index/packages
copying resource/py_srvcliESP -> /home/kubu/esp32_ws/install/py_srvcliESP/share/ament_index/resource_index/packages
copying package.xml -> /home/kubu/esp32_ws/install/py_srvcliESP/share/py_srvcliESP
running install_egg_info
Copying ../../build/py_srvcliESP/py_srvcliESP.egg-info to /home/kubu/esp32_ws/install/py_srvcliESP/lib/python3.10/site-packages/py_srvcliESP-0.0.0-py3.10.egg-info
running install_scripts
Installing minimal_client script to /home/kubu/esp32_ws/install/py_srvcliESP/lib/py_srvcliESP
Installing minimal_service script to /home/kubu/esp32_ws/install/py_srvcliESP/lib/py_srvcliESP
writing list of installed files to '/home/kubu/esp32_ws/build/py_srvcliESP/install.log'
