[0.959s] Invoking command in '/home/kubu/esp32_ws/src/py_srvcliESP': PYTHONPATH=/home/kubu/esp32_ws/build/py_srvcliESP/prefix_override:/usr/lib/python3/dist-packages/colcon_core/task/python/colcon_distutils_commands:/home/kubu/esp32_ws/install/py_srvcliESP/lib/python3.10/site-packages:${PYTHONPATH} /usr/bin/python3 -W ignore:setup.py install is deprecated setup.py egg_info --egg-base ../../build/py_srvcliESP build --build-base /home/kubu/esp32_ws/build/py_srvcliESP/build install --record /home/kubu/esp32_ws/build/py_srvcliESP/install.log --single-version-externally-managed install_data
[1.293s] running egg_info
[1.294s] writing ../../build/py_srvcliESP/py_srvcliESP.egg-info/PKG-INFO
[1.294s] writing dependency_links to ../../build/py_srvcliESP/py_srvcliESP.egg-info/dependency_links.txt
[1.295s] writing entry points to ../../build/py_srvcliESP/py_srvcliESP.egg-info/entry_points.txt
[1.295s] writing requirements to ../../build/py_srvcliESP/py_srvcliESP.egg-info/requires.txt
[1.295s] writing top-level names to ../../build/py_srvcliESP/py_srvcliESP.egg-info/top_level.txt
[1.297s] reading manifest file '../../build/py_srvcliESP/py_srvcliESP.egg-info/SOURCES.txt'
[1.298s] writing manifest file '../../build/py_srvcliESP/py_srvcliESP.egg-info/SOURCES.txt'
[1.298s] running build
[1.299s] running build_py
[1.299s] running install
[1.299s] running install_lib
[1.301s] running install_data
[1.301s] running install_egg_info
[1.303s] removing '/home/kubu/esp32_ws/install/py_srvcliESP/lib/python3.10/site-packages/py_srvcliESP-0.0.0-py3.10.egg-info' (and everything under it)
[1.304s] Copying ../../build/py_srvcliESP/py_srvcliESP.egg-info to /home/kubu/esp32_ws/install/py_srvcliESP/lib/python3.10/site-packages/py_srvcliESP-0.0.0-py3.10.egg-info
[1.305s] running install_scripts
[1.329s] Installing minimal_client script to /home/kubu/esp32_ws/install/py_srvcliESP/lib/py_srvcliESP
[1.330s] Installing minimal_service script to /home/kubu/esp32_ws/install/py_srvcliESP/lib/py_srvcliESP
[1.330s] writing list of installed files to '/home/kubu/esp32_ws/build/py_srvcliESP/install.log'
[1.362s] Invoked command in '/home/kubu/esp32_ws/src/py_srvcliESP' returned '0': PYTHONPATH=/home/kubu/esp32_ws/build/py_srvcliESP/prefix_override:/usr/lib/python3/dist-packages/colcon_core/task/python/colcon_distutils_commands:/home/kubu/esp32_ws/install/py_srvcliESP/lib/python3.10/site-packages:${PYTHONPATH} /usr/bin/python3 -W ignore:setup.py install is deprecated setup.py egg_info --egg-base ../../build/py_srvcliESP build --build-base /home/kubu/esp32_ws/build/py_srvcliESP/build install --record /home/kubu/esp32_ws/build/py_srvcliESP/install.log --single-version-externally-managed install_data
